5,richard.johnson@oracle.com
3,john.davidson@microsoft.com
3,jack.richardson@microsoft.com
3,john.jackson@hp.com
3,john.richardson@nokia.com
2,david.richardson@nokia.com
2,richard.richardson@nokia.com
2,john.johnson@oracle.com
2,eric.ericsson@ibm.com
2,jack.ericsson@oracle.com
2,david.richardson@microsoft.com
2,john.johnson@nokia.com
2,richard.ericsson@nokia.com
2,richard.davidson@microsoft.com
2,john.jackson@ibm.com
2,jack.davidson@hp.com
2,jack.davidson@oracle.com
2,david.jackson@oracle.com
2,richard.johnson@microsoft.com
2,richard.davidson@ibm.com
2,eric.davidson@ibm.com
2,david.johnson@ibm.com
2,david.jackson@microsoft.com
2,jack.ericsson@nokia.com
2,eric.jackson@oracle.com
2,richard.johnson@hp.com
1,richard.richardson@ibm.com
1,richard.ericsson@oracle.com
1,eric.ericsson@hp.com
1,david.ericsson@oracle.com
1,eric.johnson@nokia.com
1,richard.jackson@oracle.com
1,richard.richardson@oracle.com
1,eric.davidson@hp.com
1,jack.ericsson@microsoft.com
1,richard.jackson@nokia.com
1,jack.jackson@microsoft.com
1,jack.jackson@oracle.com
1,eric.jackson@hp.com
1,john.johnson@hp.com
1,david.richardson@hp.com
1,david.johnson@hp.com
1,eric.ericsson@oracle.com
1,richard.johnson@ibm.com
1,david.jackson@hp.com
1,david.ericsson@ibm.com
1,jack.richardson@hp.com
1,jack.johnson@nokia.com
1,john.richardson@oracle.com
1,david.davidson@hp.com
1,jack.johnson@oracle.com
1,jack.ericsson@hp.com
1,richard.ericsson@microsoft.com
1,david.ericsson@microsoft.com
1,eric.richardson@microsoft.com
1,eric.davidson@nokia.com
1,eric.davidson@microsoft.com
1,john.jackson@microsoft.com
1,david.johnson@microsoft.com
1,john.richardson@hp.com
1,eric.johnson@microsoft.com
1,david.richardson@ibm.com
1,john.davidson@hp.com
1,eric.johnson@ibm.com
1,john.ericsson@nokia.com
1,richard.johnson@nokia.com
1,eric.richardson@nokia.com
